mode: set
github.com/oneclickvirt/stream/stream_common.go:9.41,10.20 1 1
github.com/oneclickvirt/stream/stream_common.go:10.20,12.3 1 1
github.com/oneclickvirt/stream/stream_common.go:14.2,14.45 1 1
github.com/oneclickvirt/stream/stream_linux_amd64.go:18.65,21.62 2 0
github.com/oneclickvirt/stream/stream_linux_amd64.go:21.62,23.66 2 0
github.com/oneclickvirt/stream/stream_linux_amd64.go:23.66,25.4 1 0
github.com/oneclickvirt/stream/stream_linux_amd64.go:25.9,27.4 1 0
github.com/oneclickvirt/stream/stream_linux_amd64.go:28.8,30.3 1 0
github.com/oneclickvirt/stream/stream_linux_amd64.go:33.2,34.20 2 0
github.com/oneclickvirt/stream/stream_linux_amd64.go:34.20,36.3 1 0
github.com/oneclickvirt/stream/stream_linux_amd64.go:38.2,41.20 4 0
github.com/oneclickvirt/stream/stream_linux_amd64.go:41.20,44.22 3 0
github.com/oneclickvirt/stream/stream_linux_amd64.go:44.22,47.67 2 0
github.com/oneclickvirt/stream/stream_linux_amd64.go:47.67,49.5 1 0
github.com/oneclickvirt/stream/stream_linux_amd64.go:49.10,51.5 1 0
github.com/oneclickvirt/stream/stream_linux_amd64.go:52.9,54.4 1 0
github.com/oneclickvirt/stream/stream_linux_amd64.go:55.8,57.3 1 0
github.com/oneclickvirt/stream/stream_linux_amd64.go:59.2,59.99 1 0
github.com/oneclickvirt/stream/stream_linux_amd64.go:62.60,64.28 2 0
github.com/oneclickvirt/stream/stream_linux_amd64.go:64.28,66.3 1 0
github.com/oneclickvirt/stream/stream_linux_amd64.go:66.8,69.3 2 0
github.com/oneclickvirt/stream/stream_linux_amd64.go:70.2,73.18 4 0
